<?xml version="1.0" encoding="utf-8" standalone="no"?>
<!--This file represents the results of running a test suite-->
<test-results name="D:\Dev\Personal\GildedRose\src\GildedRose.Tests\bin\debug\GildedRose.Tests.dll" total="1" errors="0" failures="0" not-run="0" inconclusive="0" ignored="0" skipped="0" invalid="0" date="2011-02-14" time="10:51:00">
  <environment nunit-version="2.5.9.10348" clr-version="2.0.50727.4952" os-version="Microsoft Windows NT 6.1.7600.0" platform="Win32NT" cwd="D:\Dev\Personal\GildedRose" machine-name="SEAL-96CMKN1-X2" user="bojohnso" user-domain="PROD" />
  <culture-info current-culture="en-US" current-uiculture="en-US" />
  <test-suite type="Assembly" name="D:\Dev\Personal\GildedRose\src\GildedRose.Tests\bin\debug\GildedRose.Tests.dll" executed="True" result="Success" success="True" time="0.070" asserts="0">
    <results>
      <test-suite type="Namespace" name="GildedRose" executed="True" result="Success" success="True" time="0.047" asserts="0">
        <results>
          <test-suite type="Namespace" name="Tests" executed="True" result="Success" success="True" time="0.046" asserts="0">
            <results>
              <test-suite type="TestFixture" name="TestAssemblyTests" executed="True" result="Success" success="True" time="0.039" asserts="0">
                <results>
                  <test-case name="GildedRose.Tests.TestAssemblyTests.TestTheTruth" executed="True" result="Success" success="True" time="0.026" asserts="1" />
                </results>
              </test-suite>
            </results>
          </test-suite>
        </results>
      </test-suite>
    </results>
  </test-suite>
</test-results>